{"stats":{"suites":1,"tests":3,"passes":3,"pending":0,"failures":0,"start":"2025-08-13T20:42:42.186Z","end":"2025-08-13T20:43:51.490Z","duration":69304,"testsRegistered":3,"passPercent":100,"pendingPercent":0,"other":0,"hasOther":false,"skipped":0,"hasSkipped":false},"results":[{"title":"","suites":[{"title":"Checkout Form Functionality (emulator-5554.android.14.mda-2_2_0-25_apk)","suites":[],"tests":[{"title":"should be able to see the Checkout Title Present","fullTitle":"Checkout Form Functionality.should be able to see the Checkout Title Present","timedOut":false,"duration":14046,"state":"passed","speed":null,"pass":true,"fail":false,"pending":false,"context":"[{\"title\":\"Session Id\",\"value\":\"88cedd32-be98-4ad3-bf53-fcb78cca8eac\"}]","code":"","err":{},"uuid":"6c6a236b-c451-4946-9cb7-5335bc57d681","parentUUID":"2b4aee8d-c91a-4cf9-a876-cb69325cdf80","isHook":false,"skipped":false},{"title":"should not be able to proceed with an empty form","fullTitle":"Checkout Form Functionality.should not be able to proceed with an empty form","timedOut":false,"duration":18375,"state":"passed","speed":null,"pass":true,"fail":false,"pending":false,"context":"[{\"title\":\"Session Id\",\"value\":\"88cedd32-be98-4ad3-bf53-fcb78cca8eac\"}]","code":"","err":{},"uuid":"b932345c-f9ee-4f05-a05d-cb0d5c1816e5","parentUUID":"2b4aee8d-c91a-4cf9-a876-cb69325cdf80","isHook":false,"skipped":false},{"title":"should be able to fill in the form and proceed to the next step","fullTitle":"Checkout Form Functionality.should be able to fill in the form and proceed to the next step","timedOut":false,"duration":31130,"state":"passed","speed":null,"pass":true,"fail":false,"pending":false,"context":"[{\"title\":\"Session Id\",\"value\":\"88cedd32-be98-4ad3-bf53-fcb78cca8eac\"}]","code":"","err":{},"uuid":"c3c45f48-21f5-4403-82aa-e0f4ff864002","parentUUID":"2b4aee8d-c91a-4cf9-a876-cb69325cdf80","isHook":false,"skipped":false}],"root":false,"_timeout":5000,"file":"/Users/gurveers/Sauce Labs Automation/https---github.com-gurveersarai-Sauce-Labs-Appium-Mobile-Automation-Framework/test/specs/checkoutFormTest.js","uuid":"2b4aee8d-c91a-4cf9-a876-cb69325cdf80","fullFile":"/Users/gurveers/Sauce Labs Automation/https---github.com-gurveersarai-Sauce-Labs-Appium-Mobile-Automation-Framework/test/specs/checkoutFormTest.js","beforeHooks":[{"title":"\"before each\" hook for Checkout Form Functionality","fullTitle":"\"before each\" hook for Checkout Form Functionality","timedOut":false,"duration":13944,"state":"passed","speed":null,"pass":true,"fail":false,"pending":false,"context":"[{\"title\":\"Session Id\",\"value\":\"88cedd32-be98-4ad3-bf53-fcb78cca8eac\"}]","code":"","err":{},"uuid":"6ed1798c-a688-45a3-a740-2bd223a2da77","parentUUID":"2b4aee8d-c91a-4cf9-a876-cb69325cdf80","isHook":true,"skipped":false},{"title":"\"before each\" hook for Checkout Form Functionality","fullTitle":"\"before each\" hook for Checkout Form Functionality","timedOut":false,"duration":17389,"state":"passed","speed":null,"pass":true,"fail":false,"pending":false,"context":"[{\"title\":\"Session Id\",\"value\":\"88cedd32-be98-4ad3-bf53-fcb78cca8eac\"}]","code":"","err":{},"uuid":"d74f8911-1f43-4502-b4ce-d6d624434924","parentUUID":"2b4aee8d-c91a-4cf9-a876-cb69325cdf80","isHook":true,"skipped":false},{"title":"\"before each\" hook for Checkout Form Functionality","fullTitle":"\"before each\" hook for Checkout Form Functionality","timedOut":false,"duration":16914,"state":"passed","speed":null,"pass":true,"fail":false,"pending":false,"context":"[{\"title\":\"Session Id\",\"value\":\"88cedd32-be98-4ad3-bf53-fcb78cca8eac\"}]","code":"","err":{},"uuid":"373e8043-b1bd-4293-b834-53836acf7b89","parentUUID":"2b4aee8d-c91a-4cf9-a876-cb69325cdf80","isHook":true,"skipped":false}],"afterHooks":[{"title":"\"after each\" hook for Checkout Form Functionality","fullTitle":"\"after each\" hook for Checkout Form Functionality","timedOut":false,"duration":1409,"state":"passed","speed":null,"pass":true,"fail":false,"pending":false,"context":"[{\"title\":\"Session Id\",\"value\":\"88cedd32-be98-4ad3-bf53-fcb78cca8eac\"}]","code":"","err":{},"uuid":"ec69dfa7-13e9-48d8-b626-6ec30da404a3","parentUUID":"2b4aee8d-c91a-4cf9-a876-cb69325cdf80","isHook":true,"skipped":false},{"title":"\"after each\" hook for Checkout Form Functionality","fullTitle":"\"after each\" hook for Checkout Form Functionality","timedOut":false,"duration":1650,"state":"passed","speed":null,"pass":true,"fail":false,"pending":false,"context":"[{\"title\":\"Session Id\",\"value\":\"88cedd32-be98-4ad3-bf53-fcb78cca8eac\"}]","code":"","err":{},"uuid":"64f6b575-567b-45a5-b4d6-9e889529376a","parentUUID":"2b4aee8d-c91a-4cf9-a876-cb69325cdf80","isHook":true,"skipped":false},{"title":"\"after each\" hook for Checkout Form Functionality","fullTitle":"\"after each\" hook for Checkout Form Functionality","timedOut":false,"duration":1386,"state":"passed","speed":null,"pass":true,"fail":false,"pending":false,"context":"[{\"title\":\"Session Id\",\"value\":\"88cedd32-be98-4ad3-bf53-fcb78cca8eac\"}]","code":"","err":{},"uuid":"cb73267f-c570-4aaa-9b60-e06dd63aafc0","parentUUID":"2b4aee8d-c91a-4cf9-a876-cb69325cdf80","isHook":true,"skipped":false},{"title":"\"after all\" hook in \"{root}\"","fullTitle":"\"after all\" hook in \"{root}\"","timedOut":false,"duration":0,"state":"passed","speed":null,"pass":true,"fail":false,"pending":false,"context":"[{\"title\":\"Session Id\",\"value\":\"88cedd32-be98-4ad3-bf53-fcb78cca8eac\"}]","code":"","err":{},"uuid":"e78dc9d4-22ec-4157-8781-d195e92d3e44","parentUUID":"2b4aee8d-c91a-4cf9-a876-cb69325cdf80","isHook":true,"skipped":false}],"passes":["6c6a236b-c451-4946-9cb7-5335bc57d681","b932345c-f9ee-4f05-a05d-cb0d5c1816e5","c3c45f48-21f5-4403-82aa-e0f4ff864002"],"failures":[],"pending":[],"skipped":[],"duration":68000}],"tests":[],"root":true,"_timeout":5000,"file":"","uuid":"abaf80f4-48ce-46cf-8cc9-757d797a135d","fullFile":"","beforeHooks":[],"afterHooks":[],"passes":[],"failures":[],"pending":[],"skipped":[],"duration":0}],"meta":{"mocha":{"version":"11.1.0"},"mochawesome":{"options":{"quiet":false,"reportFilename":"test-report","saveHtml":true,"saveJson":true,"consoleReporter":"spec","useInlineDiffs":false,"code":false},"version":"7.1.3"},"marge":{"options":{"reportDir":"mochawesome-report","reportFilename":"test-report","reportTitle":"WebdriverIO Tests","charts":"true","overwrite":"true","timestamp":"true","code":"false","autoOpen":"true"},"version":"6.2.0"}}}