{"stats":{"suites":1,"tests":3,"passes":3,"pending":0,"failures":0,"start":"2025-08-13T20:41:39.074Z","end":"2025-08-13T20:42:26.371Z","duration":47297,"testsRegistered":3,"passPercent":100,"pendingPercent":0,"other":0,"hasOther":false,"skipped":0,"hasSkipped":false},"results":[{"title":"","suites":[{"title":"Cart Functionality (emulator-5554.android.14.mda-2_2_0-25_apk)","suites":[],"tests":[{"title":"should be able to see page title present","fullTitle":"Cart Functionality.should be able to see page title present","timedOut":false,"duration":8808,"state":"passed","speed":null,"pass":true,"fail":false,"pending":false,"context":"[{\"title\":\"Session Id\",\"value\":\"cca5ac48-2dbd-4827-b24a-511f1c298519\"}]","code":"","err":{},"uuid":"362bfe35-0bbf-4522-9a4a-bb9c614e19ab","parentUUID":"48b6f80c-8b09-4787-a9f4-e19ceceb8286","isHook":false,"skipped":false},{"title":"should be able to remove a product from the cart","fullTitle":"Cart Functionality.should be able to remove a product from the cart","timedOut":false,"duration":16196,"state":"passed","speed":null,"pass":true,"fail":false,"pending":false,"context":"[{\"title\":\"Session Id\",\"value\":\"cca5ac48-2dbd-4827-b24a-511f1c298519\"}]","code":"","err":{},"uuid":"6a5918c4-5b2f-485d-8468-37ecdc8bc7d0","parentUUID":"48b6f80c-8b09-4787-a9f4-e19ceceb8286","isHook":false,"skipped":false},{"title":"should be able to proceed to checkout when logged in","fullTitle":"Cart Functionality.should be able to proceed to checkout when logged in","timedOut":false,"duration":16113,"state":"passed","speed":null,"pass":true,"fail":false,"pending":false,"context":"[{\"title\":\"Session Id\",\"value\":\"cca5ac48-2dbd-4827-b24a-511f1c298519\"}]","code":"","err":{},"uuid":"0b2dcbd4-a1c3-4af2-804b-0203425b6fe7","parentUUID":"48b6f80c-8b09-4787-a9f4-e19ceceb8286","isHook":false,"skipped":false}],"root":false,"_timeout":5000,"file":"/Users/gurveers/Sauce Labs Automation/https---github.com-gurveersarai-Sauce-Labs-Appium-Mobile-Automation-Framework/test/specs/cartTest.js","uuid":"48b6f80c-8b09-4787-a9f4-e19ceceb8286","fullFile":"/Users/gurveers/Sauce Labs Automation/https---github.com-gurveersarai-Sauce-Labs-Appium-Mobile-Automation-Framework/test/specs/cartTest.js","beforeHooks":[{"title":"\"before each\" hook for Cart Functionality","fullTitle":"\"before each\" hook for Cart Functionality","timedOut":false,"duration":7360,"state":"passed","speed":null,"pass":true,"fail":false,"pending":false,"context":"[{\"title\":\"Session Id\",\"value\":\"cca5ac48-2dbd-4827-b24a-511f1c298519\"}]","code":"","err":{},"uuid":"159ffc7e-5a7b-485c-9153-4ff2a48f91dc","parentUUID":"48b6f80c-8b09-4787-a9f4-e19ceceb8286","isHook":true,"skipped":false},{"title":"\"before each\" hook for Cart Functionality","fullTitle":"\"before each\" hook for Cart Functionality","timedOut":false,"duration":8898,"state":"passed","speed":null,"pass":true,"fail":false,"pending":false,"context":"[{\"title\":\"Session Id\",\"value\":\"cca5ac48-2dbd-4827-b24a-511f1c298519\"}]","code":"","err":{},"uuid":"4260e40b-bb8f-4ad5-9468-509063ba1961","parentUUID":"48b6f80c-8b09-4787-a9f4-e19ceceb8286","isHook":true,"skipped":false},{"title":"\"before each\" hook for Cart Functionality","fullTitle":"\"before each\" hook for Cart Functionality","timedOut":false,"duration":8437,"state":"passed","speed":null,"pass":true,"fail":false,"pending":false,"context":"[{\"title\":\"Session Id\",\"value\":\"cca5ac48-2dbd-4827-b24a-511f1c298519\"}]","code":"","err":{},"uuid":"dbe6f54d-efba-4c78-8a5e-08ac32b70a30","parentUUID":"48b6f80c-8b09-4787-a9f4-e19ceceb8286","isHook":true,"skipped":false}],"afterHooks":[{"title":"\"after each\" hook for Cart Functionality","fullTitle":"\"after each\" hook for Cart Functionality","timedOut":false,"duration":1639,"state":"passed","speed":null,"pass":true,"fail":false,"pending":false,"context":"[{\"title\":\"Session Id\",\"value\":\"cca5ac48-2dbd-4827-b24a-511f1c298519\"}]","code":"","err":{},"uuid":"a4ceb711-2073-462b-b50c-451ede198b9c","parentUUID":"48b6f80c-8b09-4787-a9f4-e19ceceb8286","isHook":true,"skipped":false},{"title":"\"after each\" hook for Cart Functionality","fullTitle":"\"after each\" hook for Cart Functionality","timedOut":false,"duration":1853,"state":"passed","speed":null,"pass":true,"fail":false,"pending":false,"context":"[{\"title\":\"Session Id\",\"value\":\"cca5ac48-2dbd-4827-b24a-511f1c298519\"}]","code":"","err":{},"uuid":"d6bad9a3-2e53-419b-94a7-7a26248c190b","parentUUID":"48b6f80c-8b09-4787-a9f4-e19ceceb8286","isHook":true,"skipped":false},{"title":"\"after each\" hook for Cart Functionality","fullTitle":"\"after each\" hook for Cart Functionality","timedOut":false,"duration":1472,"state":"passed","speed":null,"pass":true,"fail":false,"pending":false,"context":"[{\"title\":\"Session Id\",\"value\":\"cca5ac48-2dbd-4827-b24a-511f1c298519\"}]","code":"","err":{},"uuid":"5aff8b39-7aec-451a-8aff-6b274b2a68bc","parentUUID":"48b6f80c-8b09-4787-a9f4-e19ceceb8286","isHook":true,"skipped":false},{"title":"\"after all\" hook in \"{root}\"","fullTitle":"\"after all\" hook in \"{root}\"","timedOut":false,"duration":0,"state":"passed","speed":null,"pass":true,"fail":false,"pending":false,"context":"[{\"title\":\"Session Id\",\"value\":\"cca5ac48-2dbd-4827-b24a-511f1c298519\"}]","code":"","err":{},"uuid":"e062ab1b-9f0e-4e40-961f-e6cfdeba6e9e","parentUUID":"48b6f80c-8b09-4787-a9f4-e19ceceb8286","isHook":true,"skipped":false}],"passes":["362bfe35-0bbf-4522-9a4a-bb9c614e19ab","6a5918c4-5b2f-485d-8468-37ecdc8bc7d0","0b2dcbd4-a1c3-4af2-804b-0203425b6fe7"],"failures":[],"pending":[],"skipped":[],"duration":46084}],"tests":[],"root":true,"_timeout":5000,"file":"","uuid":"9f8414d5-b224-4187-9ac1-b5c577ee8a66","fullFile":"","beforeHooks":[],"afterHooks":[],"passes":[],"failures":[],"pending":[],"skipped":[],"duration":0}],"meta":{"mocha":{"version":"11.1.0"},"mochawesome":{"options":{"quiet":false,"reportFilename":"test-report","saveHtml":true,"saveJson":true,"consoleReporter":"spec","useInlineDiffs":false,"code":false},"version":"7.1.3"},"marge":{"options":{"reportDir":"mochawesome-report","reportFilename":"test-report","reportTitle":"WebdriverIO Tests","charts":"true","overwrite":"true","timestamp":"true","code":"false","autoOpen":"true"},"version":"6.2.0"}}}