{"stats":{"suites":1,"tests":4,"passes":4,"pending":0,"failures":0,"start":"2025-08-13T20:50:56.592Z","end":"2025-08-13T20:53:19.458Z","duration":142866,"testsRegistered":4,"passPercent":100,"pendingPercent":0,"other":0,"hasOther":false,"skipped":0,"hasSkipped":false},"results":[{"title":"","suites":[{"title":"Payment Form Functionality (emulator-5554.android.14.mda-2_2_0-25_apk)","suites":[],"tests":[{"title":"should not be able to proceed with an empty form","fullTitle":"Payment Form Functionality.should not be able to proceed with an empty form","timedOut":false,"duration":30993,"state":"passed","speed":null,"pass":true,"fail":false,"pending":false,"context":"[{\"title\":\"Session Id\",\"value\":\"34556f2c-cbba-4363-8009-10c2ef1df646\"}]","code":"","err":{},"uuid":"302160c8-95a1-4467-8606-2a3eb4460f89","parentUUID":"504d85ee-f2ec-423b-8a11-40e5721fc598","isHook":false,"skipped":false},{"title":"should be able to see the visa and mastercard icon present","fullTitle":"Payment Form Functionality.should be able to see the visa and mastercard icon present","timedOut":false,"duration":32289,"state":"passed","speed":null,"pass":true,"fail":false,"pending":false,"context":"[{\"title\":\"Session Id\",\"value\":\"34556f2c-cbba-4363-8009-10c2ef1df646\"}]","code":"","err":{},"uuid":"e3673a7a-356e-49fc-926a-8e77d0d02be3","parentUUID":"504d85ee-f2ec-423b-8a11-40e5721fc598","isHook":false,"skipped":false},{"title":"should be able to uncheck the billing address checkbox","fullTitle":"Payment Form Functionality.should be able to uncheck the billing address checkbox","timedOut":false,"duration":32208,"state":"passed","speed":null,"pass":true,"fail":false,"pending":false,"context":"[{\"title\":\"Session Id\",\"value\":\"34556f2c-cbba-4363-8009-10c2ef1df646\"}]","code":"","err":{},"uuid":"26eb49bc-f4d3-4de9-8af8-3f83b00c845b","parentUUID":"504d85ee-f2ec-423b-8a11-40e5721fc598","isHook":false,"skipped":false},{"title":"should be able to fill in the form and proceed to the next step","fullTitle":"Payment Form Functionality.should be able to fill in the form and proceed to the next step","timedOut":false,"duration":40090,"state":"passed","speed":null,"pass":true,"fail":false,"pending":false,"context":"[{\"title\":\"Session Id\",\"value\":\"34556f2c-cbba-4363-8009-10c2ef1df646\"}]","code":"","err":{},"uuid":"48aa003a-087d-413e-8c86-2711f6311184","parentUUID":"504d85ee-f2ec-423b-8a11-40e5721fc598","isHook":false,"skipped":false}],"root":false,"_timeout":5000,"file":"/Users/gurveers/Sauce Labs Automation/https---github.com-gurveersarai-Sauce-Labs-Appium-Mobile-Automation-Framework/test/specs/paymentFormTest.js","uuid":"504d85ee-f2ec-423b-8a11-40e5721fc598","fullFile":"/Users/gurveers/Sauce Labs Automation/https---github.com-gurveersarai-Sauce-Labs-Appium-Mobile-Automation-Framework/test/specs/paymentFormTest.js","beforeHooks":[{"title":"\"before each\" hook for Payment Form Functionality","fullTitle":"\"before each\" hook for Payment Form Functionality","timedOut":false,"duration":30006,"state":"passed","speed":null,"pass":true,"fail":false,"pending":false,"context":"[{\"title\":\"Session Id\",\"value\":\"34556f2c-cbba-4363-8009-10c2ef1df646\"}]","code":"","err":{},"uuid":"ea9ee14c-5ada-4c57-9038-cb543993af2d","parentUUID":"504d85ee-f2ec-423b-8a11-40e5721fc598","isHook":true,"skipped":false},{"title":"\"before each\" hook for Payment Form Functionality","fullTitle":"\"before each\" hook for Payment Form Functionality","timedOut":false,"duration":31569,"state":"passed","speed":null,"pass":true,"fail":false,"pending":false,"context":"[{\"title\":\"Session Id\",\"value\":\"34556f2c-cbba-4363-8009-10c2ef1df646\"}]","code":"","err":{},"uuid":"37a80b8c-3d53-482c-b280-e56dd2f5dc0f","parentUUID":"504d85ee-f2ec-423b-8a11-40e5721fc598","isHook":true,"skipped":false},{"title":"\"before each\" hook for Payment Form Functionality","fullTitle":"\"before each\" hook for Payment Form Functionality","timedOut":false,"duration":30538,"state":"passed","speed":null,"pass":true,"fail":false,"pending":false,"context":"[{\"title\":\"Session Id\",\"value\":\"34556f2c-cbba-4363-8009-10c2ef1df646\"}]","code":"","err":{},"uuid":"6a170ae5-2eab-4201-9a2f-837f38e7fb99","parentUUID":"504d85ee-f2ec-423b-8a11-40e5721fc598","isHook":true,"skipped":false},{"title":"\"before each\" hook for Payment Form Functionality","fullTitle":"\"before each\" hook for Payment Form Functionality","timedOut":false,"duration":31527,"state":"passed","speed":null,"pass":true,"fail":false,"pending":false,"context":"[{\"title\":\"Session Id\",\"value\":\"34556f2c-cbba-4363-8009-10c2ef1df646\"}]","code":"","err":{},"uuid":"1e7b0fa4-56d7-4b1d-a005-9f8746a0415f","parentUUID":"504d85ee-f2ec-423b-8a11-40e5721fc598","isHook":true,"skipped":false}],"afterHooks":[{"title":"\"after each\" hook for Payment Form Functionality","fullTitle":"\"after each\" hook for Payment Form Functionality","timedOut":false,"duration":1449,"state":"passed","speed":null,"pass":true,"fail":false,"pending":false,"context":"[{\"title\":\"Session Id\",\"value\":\"34556f2c-cbba-4363-8009-10c2ef1df646\"}]","code":"","err":{},"uuid":"e298c01c-e121-47e7-a7a6-46fcc0222fc8","parentUUID":"504d85ee-f2ec-423b-8a11-40e5721fc598","isHook":true,"skipped":false},{"title":"\"after each\" hook for Payment Form Functionality","fullTitle":"\"after each\" hook for Payment Form Functionality","timedOut":false,"duration":1573,"state":"passed","speed":null,"pass":true,"fail":false,"pending":false,"context":"[{\"title\":\"Session Id\",\"value\":\"34556f2c-cbba-4363-8009-10c2ef1df646\"}]","code":"","err":{},"uuid":"f5f6d70e-a8d9-42fa-b897-b44c6c2a1717","parentUUID":"504d85ee-f2ec-423b-8a11-40e5721fc598","isHook":true,"skipped":false},{"title":"\"after each\" hook for Payment Form Functionality","fullTitle":"\"after each\" hook for Payment Form Functionality","timedOut":false,"duration":1642,"state":"passed","speed":null,"pass":true,"fail":false,"pending":false,"context":"[{\"title\":\"Session Id\",\"value\":\"34556f2c-cbba-4363-8009-10c2ef1df646\"}]","code":"","err":{},"uuid":"674ff216-35d7-457f-b01c-24fb13092628","parentUUID":"504d85ee-f2ec-423b-8a11-40e5721fc598","isHook":true,"skipped":false},{"title":"\"after each\" hook for Payment Form Functionality","fullTitle":"\"after each\" hook for Payment Form Functionality","timedOut":false,"duration":1681,"state":"passed","speed":null,"pass":true,"fail":false,"pending":false,"context":"[{\"title\":\"Session Id\",\"value\":\"34556f2c-cbba-4363-8009-10c2ef1df646\"}]","code":"","err":{},"uuid":"fcc46ed5-0265-4df8-b69c-e5c93681a08e","parentUUID":"504d85ee-f2ec-423b-8a11-40e5721fc598","isHook":true,"skipped":false},{"title":"\"after all\" hook in \"{root}\"","fullTitle":"\"after all\" hook in \"{root}\"","timedOut":false,"duration":0,"state":"passed","speed":null,"pass":true,"fail":false,"pending":false,"context":"[{\"title\":\"Session Id\",\"value\":\"34556f2c-cbba-4363-8009-10c2ef1df646\"}]","code":"","err":{},"uuid":"9bea6338-c5fa-4106-8b8d-58d8968b279b","parentUUID":"504d85ee-f2ec-423b-8a11-40e5721fc598","isHook":true,"skipped":false}],"passes":["302160c8-95a1-4467-8606-2a3eb4460f89","e3673a7a-356e-49fc-926a-8e77d0d02be3","26eb49bc-f4d3-4de9-8af8-3f83b00c845b","48aa003a-087d-413e-8c86-2711f6311184"],"failures":[],"pending":[],"skipped":[],"duration":141927}],"tests":[],"root":true,"_timeout":5000,"file":"","uuid":"c98170ce-7e9e-4829-a81e-144e4dccd85f","fullFile":"","beforeHooks":[],"afterHooks":[],"passes":[],"failures":[],"pending":[],"skipped":[],"duration":0}],"meta":{"mocha":{"version":"11.1.0"},"mochawesome":{"options":{"quiet":false,"reportFilename":"test-report","saveHtml":true,"saveJson":true,"consoleReporter":"spec","useInlineDiffs":false,"code":false},"version":"7.1.3"},"marge":{"options":{"reportDir":"mochawesome-report","reportFilename":"test-report","reportTitle":"WebdriverIO Tests","charts":"true","overwrite":"true","timestamp":"true","code":"false","autoOpen":"true"},"version":"6.2.0"}}}