{"stats":{"suites":1,"tests":5,"passes":5,"pending":0,"failures":0,"start":"2025-08-13T20:44:07.078Z","end":"2025-08-13T20:47:46.383Z","duration":219305,"testsRegistered":5,"passPercent":100,"pendingPercent":0,"other":0,"hasOther":false,"skipped":0,"hasSkipped":false},"results":[{"title":"","suites":[{"title":"Checkout Overview and Confirmation Functionality (emulator-5554.android.14.mda-2_2_0-25_apk)","suites":[],"tests":[{"title":"should be able to see the Checkout Overview Title Present","fullTitle":"Checkout Overview and Confirmation Functionality.should be able to see the Checkout Overview Title Present","timedOut":false,"duration":37301,"state":"passed","speed":null,"pass":true,"fail":false,"pending":false,"context":"[{\"title\":\"Session Id\",\"value\":\"722b5577-f796-4ba2-aea1-424a162e3ab3\"}]","code":"","err":{},"uuid":"532e756d-a630-4122-9ef3-d645d30a2b48","parentUUID":"78fd6d50-6fef-4ea1-aa25-2a86c5141755","isHook":false,"skipped":false},{"title":"should be able to extract the delivery details","fullTitle":"Checkout Overview and Confirmation Functionality.should be able to extract the delivery details","timedOut":false,"duration":43102,"state":"passed","speed":null,"pass":true,"fail":false,"pending":false,"context":"[{\"title\":\"Session Id\",\"value\":\"722b5577-f796-4ba2-aea1-424a162e3ab3\"}]","code":"","err":{},"uuid":"7ef260f2-c1da-40e5-b1af-36e6a7d0e39d","parentUUID":"78fd6d50-6fef-4ea1-aa25-2a86c5141755","isHook":false,"skipped":false},{"title":"should be able to see the purchase total","fullTitle":"Checkout Overview and Confirmation Functionality.should be able to see the purchase total","timedOut":false,"duration":40111,"state":"passed","speed":null,"pass":true,"fail":false,"pending":false,"context":"[{\"title\":\"Session Id\",\"value\":\"722b5577-f796-4ba2-aea1-424a162e3ab3\"}]","code":"","err":{},"uuid":"fc64fd7f-bddb-4de7-b1ed-5c64232d54e7","parentUUID":"78fd6d50-6fef-4ea1-aa25-2a86c5141755","isHook":false,"skipped":false},{"title":"should be able to place an order and see the confirmation message","fullTitle":"Checkout Overview and Confirmation Functionality.should be able to place an order and see the confirmation message","timedOut":false,"duration":41679,"state":"passed","speed":null,"pass":true,"fail":false,"pending":false,"context":"[{\"title\":\"Session Id\",\"value\":\"722b5577-f796-4ba2-aea1-424a162e3ab3\"}]","code":"","err":{},"uuid":"05dbb125-067c-4b77-b13d-9cade1071a69","parentUUID":"78fd6d50-6fef-4ea1-aa25-2a86c5141755","isHook":false,"skipped":false},{"title":"should be able to be redirected to the homepage after clicking continue shopping","fullTitle":"Checkout Overview and Confirmation Functionality.should be able to be redirected to the homepage after clicking continue shopping","timedOut":false,"duration":47425,"state":"passed","speed":null,"pass":true,"fail":false,"pending":false,"context":"[{\"title\":\"Session Id\",\"value\":\"722b5577-f796-4ba2-aea1-424a162e3ab3\"}]","code":"","err":{},"uuid":"8f9cfcd4-3284-44ed-809e-b3a6440d8c0a","parentUUID":"78fd6d50-6fef-4ea1-aa25-2a86c5141755","isHook":false,"skipped":false}],"root":false,"_timeout":5000,"file":"/Users/gurveers/Sauce Labs Automation/https---github.com-gurveersarai-Sauce-Labs-Appium-Mobile-Automation-Framework/test/specs/checkoutOverviewTest.js","uuid":"78fd6d50-6fef-4ea1-aa25-2a86c5141755","fullFile":"/Users/gurveers/Sauce Labs Automation/https---github.com-gurveersarai-Sauce-Labs-Appium-Mobile-Automation-Framework/test/specs/checkoutOverviewTest.js","beforeHooks":[{"title":"\"before each\" hook for Checkout Overview and Confirmation Functionality","fullTitle":"\"before each\" hook for Checkout Overview and Confirmation Functionality","timedOut":false,"duration":35964,"state":"passed","speed":null,"pass":true,"fail":false,"pending":false,"context":"[{\"title\":\"Session Id\",\"value\":\"722b5577-f796-4ba2-aea1-424a162e3ab3\"}]","code":"","err":{},"uuid":"f29838ec-d5d0-4b17-ad39-913312943193","parentUUID":"78fd6d50-6fef-4ea1-aa25-2a86c5141755","isHook":true,"skipped":false},{"title":"\"before each\" hook for Checkout Overview and Confirmation Functionality","fullTitle":"\"before each\" hook for Checkout Overview and Confirmation Functionality","timedOut":false,"duration":37995,"state":"passed","speed":null,"pass":true,"fail":false,"pending":false,"context":"[{\"title\":\"Session Id\",\"value\":\"722b5577-f796-4ba2-aea1-424a162e3ab3\"}]","code":"","err":{},"uuid":"8f8ef644-5343-4415-8466-ba7ef4470e18","parentUUID":"78fd6d50-6fef-4ea1-aa25-2a86c5141755","isHook":true,"skipped":false},{"title":"\"before each\" hook for Checkout Overview and Confirmation Functionality","fullTitle":"\"before each\" hook for Checkout Overview and Confirmation Functionality","timedOut":false,"duration":39931,"state":"passed","speed":null,"pass":true,"fail":false,"pending":false,"context":"[{\"title\":\"Session Id\",\"value\":\"722b5577-f796-4ba2-aea1-424a162e3ab3\"}]","code":"","err":{},"uuid":"835d8fe1-91bd-4856-aeb6-d20870d5870d","parentUUID":"78fd6d50-6fef-4ea1-aa25-2a86c5141755","isHook":true,"skipped":false},{"title":"\"before each\" hook for Checkout Overview and Confirmation Functionality","fullTitle":"\"before each\" hook for Checkout Overview and Confirmation Functionality","timedOut":false,"duration":38738,"state":"passed","speed":null,"pass":true,"fail":false,"pending":false,"context":"[{\"title\":\"Session Id\",\"value\":\"722b5577-f796-4ba2-aea1-424a162e3ab3\"}]","code":"","err":{},"uuid":"22b5260f-b8fc-4318-b011-29b79ca0a60e","parentUUID":"78fd6d50-6fef-4ea1-aa25-2a86c5141755","isHook":true,"skipped":false},{"title":"\"before each\" hook for Checkout Overview and Confirmation Functionality","fullTitle":"\"before each\" hook for Checkout Overview and Confirmation Functionality","timedOut":false,"duration":41003,"state":"passed","speed":null,"pass":true,"fail":false,"pending":false,"context":"[{\"title\":\"Session Id\",\"value\":\"722b5577-f796-4ba2-aea1-424a162e3ab3\"}]","code":"","err":{},"uuid":"3bc22c58-546a-4bba-ae1e-c5d2a50a6dc5","parentUUID":"78fd6d50-6fef-4ea1-aa25-2a86c5141755","isHook":true,"skipped":false}],"afterHooks":[{"title":"\"after each\" hook for Checkout Overview and Confirmation Functionality","fullTitle":"\"after each\" hook for Checkout Overview and Confirmation Functionality","timedOut":false,"duration":1489,"state":"passed","speed":null,"pass":true,"fail":false,"pending":false,"context":"[{\"title\":\"Session Id\",\"value\":\"722b5577-f796-4ba2-aea1-424a162e3ab3\"}]","code":"","err":{},"uuid":"07ebb5c1-3d02-4a6c-a11d-50f430093699","parentUUID":"78fd6d50-6fef-4ea1-aa25-2a86c5141755","isHook":true,"skipped":false},{"title":"\"after each\" hook for Checkout Overview and Confirmation Functionality","fullTitle":"\"after each\" hook for Checkout Overview and Confirmation Functionality","timedOut":false,"duration":1396,"state":"passed","speed":null,"pass":true,"fail":false,"pending":false,"context":"[{\"title\":\"Session Id\",\"value\":\"722b5577-f796-4ba2-aea1-424a162e3ab3\"}]","code":"","err":{},"uuid":"2a41d0c6-0f2a-41f0-b893-573c4fd5600c","parentUUID":"78fd6d50-6fef-4ea1-aa25-2a86c5141755","isHook":true,"skipped":false},{"title":"\"after each\" hook for Checkout Overview and Confirmation Functionality","fullTitle":"\"after each\" hook for Checkout Overview and Confirmation Functionality","timedOut":false,"duration":1746,"state":"passed","speed":null,"pass":true,"fail":false,"pending":false,"context":"[{\"title\":\"Session Id\",\"value\":\"722b5577-f796-4ba2-aea1-424a162e3ab3\"}]","code":"","err":{},"uuid":"79054e5e-317b-4512-b7b6-6b4bad359541","parentUUID":"78fd6d50-6fef-4ea1-aa25-2a86c5141755","isHook":true,"skipped":false},{"title":"\"after each\" hook for Checkout Overview and Confirmation Functionality","fullTitle":"\"after each\" hook for Checkout Overview and Confirmation Functionality","timedOut":false,"duration":1695,"state":"passed","speed":null,"pass":true,"fail":false,"pending":false,"context":"[{\"title\":\"Session Id\",\"value\":\"722b5577-f796-4ba2-aea1-424a162e3ab3\"}]","code":"","err":{},"uuid":"8b73514b-770a-418f-a004-8e5c0f925310","parentUUID":"78fd6d50-6fef-4ea1-aa25-2a86c5141755","isHook":true,"skipped":false},{"title":"\"after each\" hook for Checkout Overview and Confirmation Functionality","fullTitle":"\"after each\" hook for Checkout Overview and Confirmation Functionality","timedOut":false,"duration":1809,"state":"passed","speed":null,"pass":true,"fail":false,"pending":false,"context":"[{\"title\":\"Session Id\",\"value\":\"722b5577-f796-4ba2-aea1-424a162e3ab3\"}]","code":"","err":{},"uuid":"24797f58-83c1-4786-8e08-c78ec6819028","parentUUID":"78fd6d50-6fef-4ea1-aa25-2a86c5141755","isHook":true,"skipped":false},{"title":"\"after all\" hook in \"{root}\"","fullTitle":"\"after all\" hook in \"{root}\"","timedOut":false,"duration":0,"state":"passed","speed":null,"pass":true,"fail":false,"pending":false,"context":"[{\"title\":\"Session Id\",\"value\":\"722b5577-f796-4ba2-aea1-424a162e3ab3\"}]","code":"","err":{},"uuid":"3b31863e-c690-484a-8965-c621340295b2","parentUUID":"78fd6d50-6fef-4ea1-aa25-2a86c5141755","isHook":true,"skipped":false}],"passes":["532e756d-a630-4122-9ef3-d645d30a2b48","7ef260f2-c1da-40e5-b1af-36e6a7d0e39d","fc64fd7f-bddb-4de7-b1ed-5c64232d54e7","05dbb125-067c-4b77-b13d-9cade1071a69","8f9cfcd4-3284-44ed-809e-b3a6440d8c0a"],"failures":[],"pending":[],"skipped":[],"duration":217757}],"tests":[],"root":true,"_timeout":5000,"file":"","uuid":"2b744b92-f9a4-429b-a7dc-8e3fd117ef48","fullFile":"","beforeHooks":[],"afterHooks":[],"passes":[],"failures":[],"pending":[],"skipped":[],"duration":0}],"meta":{"mocha":{"version":"11.1.0"},"mochawesome":{"options":{"quiet":false,"reportFilename":"test-report","saveHtml":true,"saveJson":true,"consoleReporter":"spec","useInlineDiffs":false,"code":false},"version":"7.1.3"},"marge":{"options":{"reportDir":"mochawesome-report","reportFilename":"test-report","reportTitle":"WebdriverIO Tests","charts":"true","overwrite":"true","timestamp":"true","code":"false","autoOpen":"true"},"version":"6.2.0"}}}