{"stats":{"suites":1,"tests":7,"passes":7,"pending":0,"failures":0,"start":"2025-08-13T20:54:30.834Z","end":"2025-08-13T20:55:47.326Z","duration":76492,"testsRegistered":7,"passPercent":100,"pendingPercent":0,"other":0,"hasOther":false,"skipped":0,"hasSkipped":false},"results":[{"title":"","suites":[{"title":"Product Page Functionality (emulator-5554.android.14.mda-2_2_0-25_apk)","suites":[],"tests":[{"title":"should be able to extract the product title","fullTitle":"Product Page Functionality.should be able to extract the product title","timedOut":false,"duration":6211,"state":"passed","speed":null,"pass":true,"fail":false,"pending":false,"context":"[{\"title\":\"Session Id\",\"value\":\"c4f340f2-e9e4-4ac3-a342-3fde935c7fff\"}]","code":"","err":{},"uuid":"4406906a-585e-4dd6-a339-e8559a5fb6ce","parentUUID":"aa97ee57-cfed-4f8e-b797-f3df373e6417","isHook":false,"skipped":false},{"title":"should be able to extract the product price","fullTitle":"Product Page Functionality.should be able to extract the product price","timedOut":false,"duration":7043,"state":"passed","speed":null,"pass":true,"fail":false,"pending":false,"context":"[{\"title\":\"Session Id\",\"value\":\"c4f340f2-e9e4-4ac3-a342-3fde935c7fff\"}]","code":"","err":{},"uuid":"96b89fa7-4219-452d-8baf-7c682d929c64","parentUUID":"aa97ee57-cfed-4f8e-b797-f3df373e6417","isHook":false,"skipped":false},{"title":"should be able to see the black radio button selected by default","fullTitle":"Product Page Functionality.should be able to see the black radio button selected by default","timedOut":false,"duration":9612,"state":"passed","speed":null,"pass":true,"fail":false,"pending":false,"context":"[{\"title\":\"Session Id\",\"value\":\"c4f340f2-e9e4-4ac3-a342-3fde935c7fff\"}]","code":"","err":{},"uuid":"f990b6e1-e6cc-4f13-a5a8-66b91950731a","parentUUID":"aa97ee57-cfed-4f8e-b797-f3df373e6417","isHook":false,"skipped":false},{"title":"should be able to select a new radio button colour ","fullTitle":"Product Page Functionality.should be able to select a new radio button colour ","timedOut":false,"duration":9630,"state":"passed","speed":null,"pass":true,"fail":false,"pending":false,"context":"[{\"title\":\"Session Id\",\"value\":\"c4f340f2-e9e4-4ac3-a342-3fde935c7fff\"}]","code":"","err":{},"uuid":"5def7402-a6ce-4e25-b6b0-a75ad73e0890","parentUUID":"aa97ee57-cfed-4f8e-b797-f3df373e6417","isHook":false,"skipped":false},{"title":"should be able to decrement the product quantity","fullTitle":"Product Page Functionality.should be able to decrement the product quantity","timedOut":false,"duration":8193,"state":"passed","speed":null,"pass":true,"fail":false,"pending":false,"context":"[{\"title\":\"Session Id\",\"value\":\"c4f340f2-e9e4-4ac3-a342-3fde935c7fff\"}]","code":"","err":{},"uuid":"2b094e1d-3dfd-46cd-a485-86bfe79f8d23","parentUUID":"aa97ee57-cfed-4f8e-b797-f3df373e6417","isHook":false,"skipped":false},{"title":"should be able to increment the product quantity","fullTitle":"Product Page Functionality.should be able to increment the product quantity","timedOut":false,"duration":11741,"state":"passed","speed":null,"pass":true,"fail":false,"pending":false,"context":"[{\"title\":\"Session Id\",\"value\":\"c4f340f2-e9e4-4ac3-a342-3fde935c7fff\"}]","code":"","err":{},"uuid":"754c570b-9a23-4ef9-9fe1-b8436bb6da35","parentUUID":"aa97ee57-cfed-4f8e-b797-f3df373e6417","isHook":false,"skipped":false},{"title":"should be able to add the product to the cart","fullTitle":"Product Page Functionality.should be able to add the product to the cart","timedOut":false,"duration":12250,"state":"passed","speed":null,"pass":true,"fail":false,"pending":false,"context":"[{\"title\":\"Session Id\",\"value\":\"c4f340f2-e9e4-4ac3-a342-3fde935c7fff\"}]","code":"","err":{},"uuid":"2e1750f6-2d40-4d2d-8fff-41994fe87586","parentUUID":"aa97ee57-cfed-4f8e-b797-f3df373e6417","isHook":false,"skipped":false}],"root":false,"_timeout":5000,"file":"/Users/gurveers/Sauce Labs Automation/https---github.com-gurveersarai-Sauce-Labs-Appium-Mobile-Automation-Framework/test/specs/productPageTest.js","uuid":"aa97ee57-cfed-4f8e-b797-f3df373e6417","fullFile":"/Users/gurveers/Sauce Labs Automation/https---github.com-gurveersarai-Sauce-Labs-Appium-Mobile-Automation-Framework/test/specs/productPageTest.js","beforeHooks":[{"title":"\"before each\" hook for Product Page Functionality","fullTitle":"\"before each\" hook for Product Page Functionality","timedOut":false,"duration":4689,"state":"passed","speed":null,"pass":true,"fail":false,"pending":false,"context":"[{\"title\":\"Session Id\",\"value\":\"c4f340f2-e9e4-4ac3-a342-3fde935c7fff\"}]","code":"","err":{},"uuid":"bb677c05-96e3-4044-93b4-cbda53c62bd1","parentUUID":"aa97ee57-cfed-4f8e-b797-f3df373e6417","isHook":true,"skipped":false},{"title":"\"before each\" hook for Product Page Functionality","fullTitle":"\"before each\" hook for Product Page Functionality","timedOut":false,"duration":5594,"state":"passed","speed":null,"pass":true,"fail":false,"pending":false,"context":"[{\"title\":\"Session Id\",\"value\":\"c4f340f2-e9e4-4ac3-a342-3fde935c7fff\"}]","code":"","err":{},"uuid":"f060a237-f2f9-4f80-9e4b-3e272b53aab9","parentUUID":"aa97ee57-cfed-4f8e-b797-f3df373e6417","isHook":true,"skipped":false},{"title":"\"before each\" hook for Product Page Functionality","fullTitle":"\"before each\" hook for Product Page Functionality","timedOut":false,"duration":6168,"state":"passed","speed":null,"pass":true,"fail":false,"pending":false,"context":"[{\"title\":\"Session Id\",\"value\":\"c4f340f2-e9e4-4ac3-a342-3fde935c7fff\"}]","code":"","err":{},"uuid":"1c4a0dce-685a-45e2-a348-bfcb145baf3b","parentUUID":"aa97ee57-cfed-4f8e-b797-f3df373e6417","isHook":true,"skipped":false},{"title":"\"before each\" hook for Product Page Functionality","fullTitle":"\"before each\" hook for Product Page Functionality","timedOut":false,"duration":5779,"state":"passed","speed":null,"pass":true,"fail":false,"pending":false,"context":"[{\"title\":\"Session Id\",\"value\":\"c4f340f2-e9e4-4ac3-a342-3fde935c7fff\"}]","code":"","err":{},"uuid":"dd98c541-0ef5-4c4a-8a8d-68c328ba0386","parentUUID":"aa97ee57-cfed-4f8e-b797-f3df373e6417","isHook":true,"skipped":false},{"title":"\"before each\" hook for Product Page Functionality","fullTitle":"\"before each\" hook for Product Page Functionality","timedOut":false,"duration":5728,"state":"passed","speed":null,"pass":true,"fail":false,"pending":false,"context":"[{\"title\":\"Session Id\",\"value\":\"c4f340f2-e9e4-4ac3-a342-3fde935c7fff\"}]","code":"","err":{},"uuid":"554ba3d3-9b8e-4cfd-a01d-bc411a2d67c5","parentUUID":"aa97ee57-cfed-4f8e-b797-f3df373e6417","isHook":true,"skipped":false},{"title":"\"before each\" hook for Product Page Functionality","fullTitle":"\"before each\" hook for Product Page Functionality","timedOut":false,"duration":5987,"state":"passed","speed":null,"pass":true,"fail":false,"pending":false,"context":"[{\"title\":\"Session Id\",\"value\":\"c4f340f2-e9e4-4ac3-a342-3fde935c7fff\"}]","code":"","err":{},"uuid":"7c679e34-4b6b-4241-98cd-3c87468eb33c","parentUUID":"aa97ee57-cfed-4f8e-b797-f3df373e6417","isHook":true,"skipped":false},{"title":"\"before each\" hook for Product Page Functionality","fullTitle":"\"before each\" hook for Product Page Functionality","timedOut":false,"duration":5765,"state":"passed","speed":null,"pass":true,"fail":false,"pending":false,"context":"[{\"title\":\"Session Id\",\"value\":\"c4f340f2-e9e4-4ac3-a342-3fde935c7fff\"}]","code":"","err":{},"uuid":"063de952-972c-4b5c-be87-02569efa5256","parentUUID":"aa97ee57-cfed-4f8e-b797-f3df373e6417","isHook":true,"skipped":false}],"afterHooks":[{"title":"\"after each\" hook for Product Page Functionality","fullTitle":"\"after each\" hook for Product Page Functionality","timedOut":false,"duration":1667,"state":"passed","speed":null,"pass":true,"fail":false,"pending":false,"context":"[{\"title\":\"Session Id\",\"value\":\"c4f340f2-e9e4-4ac3-a342-3fde935c7fff\"}]","code":"","err":{},"uuid":"95486301-cc3e-4c91-b7a0-4c5f8a9b7654","parentUUID":"aa97ee57-cfed-4f8e-b797-f3df373e6417","isHook":true,"skipped":false},{"title":"\"after each\" hook for Product Page Functionality","fullTitle":"\"after each\" hook for Product Page Functionality","timedOut":false,"duration":1488,"state":"passed","speed":null,"pass":true,"fail":false,"pending":false,"context":"[{\"title\":\"Session Id\",\"value\":\"c4f340f2-e9e4-4ac3-a342-3fde935c7fff\"}]","code":"","err":{},"uuid":"75cca38f-047e-4b03-90eb-23b3d5ae84a9","parentUUID":"aa97ee57-cfed-4f8e-b797-f3df373e6417","isHook":true,"skipped":false},{"title":"\"after each\" hook for Product Page Functionality","fullTitle":"\"after each\" hook for Product Page Functionality","timedOut":false,"duration":1572,"state":"passed","speed":null,"pass":true,"fail":false,"pending":false,"context":"[{\"title\":\"Session Id\",\"value\":\"c4f340f2-e9e4-4ac3-a342-3fde935c7fff\"}]","code":"","err":{},"uuid":"f4716485-cd6d-49d6-b23b-7e77e0b3e811","parentUUID":"aa97ee57-cfed-4f8e-b797-f3df373e6417","isHook":true,"skipped":false},{"title":"\"after each\" hook for Product Page Functionality","fullTitle":"\"after each\" hook for Product Page Functionality","timedOut":false,"duration":1352,"state":"passed","speed":null,"pass":true,"fail":false,"pending":false,"context":"[{\"title\":\"Session Id\",\"value\":\"c4f340f2-e9e4-4ac3-a342-3fde935c7fff\"}]","code":"","err":{},"uuid":"9c931b8a-33c1-42e5-8791-f0ffbbd9110c","parentUUID":"aa97ee57-cfed-4f8e-b797-f3df373e6417","isHook":true,"skipped":false},{"title":"\"after each\" hook for Product Page Functionality","fullTitle":"\"after each\" hook for Product Page Functionality","timedOut":false,"duration":1491,"state":"passed","speed":null,"pass":true,"fail":false,"pending":false,"context":"[{\"title\":\"Session Id\",\"value\":\"c4f340f2-e9e4-4ac3-a342-3fde935c7fff\"}]","code":"","err":{},"uuid":"142ca816-c18d-4f3a-b796-cb899d30eb8b","parentUUID":"aa97ee57-cfed-4f8e-b797-f3df373e6417","isHook":true,"skipped":false},{"title":"\"after each\" hook for Product Page Functionality","fullTitle":"\"after each\" hook for Product Page Functionality","timedOut":false,"duration":1611,"state":"passed","speed":null,"pass":true,"fail":false,"pending":false,"context":"[{\"title\":\"Session Id\",\"value\":\"c4f340f2-e9e4-4ac3-a342-3fde935c7fff\"}]","code":"","err":{},"uuid":"32f1204d-5db8-4491-9ed5-15c423cbc43b","parentUUID":"aa97ee57-cfed-4f8e-b797-f3df373e6417","isHook":true,"skipped":false},{"title":"\"after each\" hook for Product Page Functionality","fullTitle":"\"after each\" hook for Product Page Functionality","timedOut":false,"duration":1496,"state":"passed","speed":null,"pass":true,"fail":false,"pending":false,"context":"[{\"title\":\"Session Id\",\"value\":\"c4f340f2-e9e4-4ac3-a342-3fde935c7fff\"}]","code":"","err":{},"uuid":"a5e60abf-d1b4-44c7-a6b2-d1386b59989b","parentUUID":"aa97ee57-cfed-4f8e-b797-f3df373e6417","isHook":true,"skipped":false},{"title":"\"after all\" hook in \"{root}\"","fullTitle":"\"after all\" hook in \"{root}\"","timedOut":false,"duration":1,"state":"passed","speed":null,"pass":true,"fail":false,"pending":false,"context":"[{\"title\":\"Session Id\",\"value\":\"c4f340f2-e9e4-4ac3-a342-3fde935c7fff\"}]","code":"","err":{},"uuid":"1ba18009-4318-40e6-9888-d5e3cd92dc85","parentUUID":"aa97ee57-cfed-4f8e-b797-f3df373e6417","isHook":true,"skipped":false}],"passes":["4406906a-585e-4dd6-a339-e8559a5fb6ce","96b89fa7-4219-452d-8baf-7c682d929c64","f990b6e1-e6cc-4f13-a5a8-66b91950731a","5def7402-a6ce-4e25-b6b0-a75ad73e0890","2b094e1d-3dfd-46cd-a485-86bfe79f8d23","754c570b-9a23-4ef9-9fe1-b8436bb6da35","2e1750f6-2d40-4d2d-8fff-41994fe87586"],"failures":[],"pending":[],"skipped":[],"duration":75362}],"tests":[],"root":true,"_timeout":5000,"file":"","uuid":"10c9b765-8ab1-492c-a9bd-17358ade264c","fullFile":"","beforeHooks":[],"afterHooks":[],"passes":[],"failures":[],"pending":[],"skipped":[],"duration":0}],"meta":{"mocha":{"version":"11.1.0"},"mochawesome":{"options":{"quiet":false,"reportFilename":"test-report","saveHtml":true,"saveJson":true,"consoleReporter":"spec","useInlineDiffs":false,"code":false},"version":"7.1.3"},"marge":{"options":{"reportDir":"mochawesome-report","reportFilename":"test-report","reportTitle":"WebdriverIO Tests","charts":"true","overwrite":"true","timestamp":"true","code":"false","autoOpen":"true"},"version":"6.2.0"}}}