{"stats":{"suites":1,"tests":5,"passes":5,"pending":0,"failures":0,"start":"2025-08-13T20:53:35.034Z","end":"2025-08-13T20:54:15.350Z","duration":40316,"testsRegistered":5,"passPercent":100,"pendingPercent":0,"other":0,"hasOther":false,"skipped":0,"hasSkipped":false},"results":[{"title":"","suites":[{"title":"Product Overview Functionality (emulator-5554.android.14.mda-2_2_0-25_apk)","suites":[],"tests":[{"title":"should be able to exact title of the product overview page","fullTitle":"Product Overview Functionality.should be able to exact title of the product overview page","timedOut":false,"duration":4572,"state":"passed","speed":null,"pass":true,"fail":false,"pending":false,"context":"[{\"title\":\"Session Id\",\"value\":\"a56643e8-5eb7-46fa-925c-cac0cef22f90\"}]","code":"","err":{},"uuid":"77c269c1-b68b-4b35-b30f-464830eea158","parentUUID":"99ebe16b-8239-4c3c-b985-1ea763576663","isHook":false,"skipped":false},{"title":"should be able to rate a product","fullTitle":"Product Overview Functionality.should be able to rate a product","timedOut":false,"duration":8141,"state":"passed","speed":null,"pass":true,"fail":false,"pending":false,"context":"[{\"title\":\"Session Id\",\"value\":\"a56643e8-5eb7-46fa-925c-cac0cef22f90\"}]","code":"","err":{},"uuid":"8c386fec-d59f-4d61-86fd-2035d38e437e","parentUUID":"99ebe16b-8239-4c3c-b985-1ea763576663","isHook":false,"skipped":false},{"title":"should be able to extract all product names","fullTitle":"Product Overview Functionality.should be able to extract all product names","timedOut":false,"duration":6083,"state":"passed","speed":null,"pass":true,"fail":false,"pending":false,"context":"[{\"title\":\"Session Id\",\"value\":\"a56643e8-5eb7-46fa-925c-cac0cef22f90\"}]","code":"","err":{},"uuid":"7e92a33a-df30-498c-8765-24ad9fa619ae","parentUUID":"99ebe16b-8239-4c3c-b985-1ea763576663","isHook":false,"skipped":false},{"title":"should be able to extract all product prices","fullTitle":"Product Overview Functionality.should be able to extract all product prices","timedOut":false,"duration":5802,"state":"passed","speed":null,"pass":true,"fail":false,"pending":false,"context":"[{\"title\":\"Session Id\",\"value\":\"a56643e8-5eb7-46fa-925c-cac0cef22f90\"}]","code":"","err":{},"uuid":"f3c84008-a4f5-499b-b321-d06bcb14545c","parentUUID":"99ebe16b-8239-4c3c-b985-1ea763576663","isHook":false,"skipped":false},{"title":"should be able to click onto a product and redirect to the product page","fullTitle":"Product Overview Functionality.should be able to click onto a product and redirect to the product page","timedOut":false,"duration":7104,"state":"passed","speed":null,"pass":true,"fail":false,"pending":false,"context":"[{\"title\":\"Session Id\",\"value\":\"a56643e8-5eb7-46fa-925c-cac0cef22f90\"}]","code":"","err":{},"uuid":"d1a9ec71-fb84-479d-b86b-ae31f7a5439d","parentUUID":"99ebe16b-8239-4c3c-b985-1ea763576663","isHook":false,"skipped":false}],"root":false,"_timeout":5000,"file":"/Users/gurveers/Sauce Labs Automation/https---github.com-gurveersarai-Sauce-Labs-Appium-Mobile-Automation-Framework/test/specs/productOverviewTest.js","uuid":"99ebe16b-8239-4c3c-b985-1ea763576663","fullFile":"/Users/gurveers/Sauce Labs Automation/https---github.com-gurveersarai-Sauce-Labs-Appium-Mobile-Automation-Framework/test/specs/productOverviewTest.js","beforeHooks":[{"title":"\"before each\" hook for Product Overview Functionality","fullTitle":"\"before each\" hook for Product Overview Functionality","timedOut":false,"duration":4294,"state":"passed","speed":null,"pass":true,"fail":false,"pending":false,"context":"[{\"title\":\"Session Id\",\"value\":\"a56643e8-5eb7-46fa-925c-cac0cef22f90\"}]","code":"","err":{},"uuid":"4b626669-3c70-4130-b76a-72573738723b","parentUUID":"99ebe16b-8239-4c3c-b985-1ea763576663","isHook":true,"skipped":false},{"title":"\"before each\" hook for Product Overview Functionality","fullTitle":"\"before each\" hook for Product Overview Functionality","timedOut":false,"duration":5317,"state":"passed","speed":null,"pass":true,"fail":false,"pending":false,"context":"[{\"title\":\"Session Id\",\"value\":\"a56643e8-5eb7-46fa-925c-cac0cef22f90\"}]","code":"","err":{},"uuid":"2d801e49-e5d1-4c78-be5d-03b78e101fa5","parentUUID":"99ebe16b-8239-4c3c-b985-1ea763576663","isHook":true,"skipped":false},{"title":"\"before each\" hook for Product Overview Functionality","fullTitle":"\"before each\" hook for Product Overview Functionality","timedOut":false,"duration":5577,"state":"passed","speed":null,"pass":true,"fail":false,"pending":false,"context":"[{\"title\":\"Session Id\",\"value\":\"a56643e8-5eb7-46fa-925c-cac0cef22f90\"}]","code":"","err":{},"uuid":"2d59e3d5-5065-4b12-ba2f-337c193b5c45","parentUUID":"99ebe16b-8239-4c3c-b985-1ea763576663","isHook":true,"skipped":false},{"title":"\"before each\" hook for Product Overview Functionality","fullTitle":"\"before each\" hook for Product Overview Functionality","timedOut":false,"duration":5377,"state":"passed","speed":null,"pass":true,"fail":false,"pending":false,"context":"[{\"title\":\"Session Id\",\"value\":\"a56643e8-5eb7-46fa-925c-cac0cef22f90\"}]","code":"","err":{},"uuid":"1c6c2bb4-3027-484a-b1e4-274020eda22c","parentUUID":"99ebe16b-8239-4c3c-b985-1ea763576663","isHook":true,"skipped":false},{"title":"\"before each\" hook for Product Overview Functionality","fullTitle":"\"before each\" hook for Product Overview Functionality","timedOut":false,"duration":5328,"state":"passed","speed":null,"pass":true,"fail":false,"pending":false,"context":"[{\"title\":\"Session Id\",\"value\":\"a56643e8-5eb7-46fa-925c-cac0cef22f90\"}]","code":"","err":{},"uuid":"d9634673-c454-431e-bd91-3f52cdcf4582","parentUUID":"99ebe16b-8239-4c3c-b985-1ea763576663","isHook":true,"skipped":false}],"afterHooks":[{"title":"\"after each\" hook for Product Overview Functionality","fullTitle":"\"after each\" hook for Product Overview Functionality","timedOut":false,"duration":1562,"state":"passed","speed":null,"pass":true,"fail":false,"pending":false,"context":"[{\"title\":\"Session Id\",\"value\":\"a56643e8-5eb7-46fa-925c-cac0cef22f90\"}]","code":"","err":{},"uuid":"3b641925-7716-4865-aa19-9cfcffafe3e6","parentUUID":"99ebe16b-8239-4c3c-b985-1ea763576663","isHook":true,"skipped":false},{"title":"\"after each\" hook for Product Overview Functionality","fullTitle":"\"after each\" hook for Product Overview Functionality","timedOut":false,"duration":1435,"state":"passed","speed":null,"pass":true,"fail":false,"pending":false,"context":"[{\"title\":\"Session Id\",\"value\":\"a56643e8-5eb7-46fa-925c-cac0cef22f90\"}]","code":"","err":{},"uuid":"9ca8dfca-4c1a-4eaf-8a5a-872cc4dc0873","parentUUID":"99ebe16b-8239-4c3c-b985-1ea763576663","isHook":true,"skipped":false},{"title":"\"after each\" hook for Product Overview Functionality","fullTitle":"\"after each\" hook for Product Overview Functionality","timedOut":false,"duration":1492,"state":"passed","speed":null,"pass":true,"fail":false,"pending":false,"context":"[{\"title\":\"Session Id\",\"value\":\"a56643e8-5eb7-46fa-925c-cac0cef22f90\"}]","code":"","err":{},"uuid":"1727653a-7682-4bc6-8a86-2a96cd6f0984","parentUUID":"99ebe16b-8239-4c3c-b985-1ea763576663","isHook":true,"skipped":false},{"title":"\"after each\" hook for Product Overview Functionality","fullTitle":"\"after each\" hook for Product Overview Functionality","timedOut":false,"duration":1613,"state":"passed","speed":null,"pass":true,"fail":false,"pending":false,"context":"[{\"title\":\"Session Id\",\"value\":\"a56643e8-5eb7-46fa-925c-cac0cef22f90\"}]","code":"","err":{},"uuid":"5b651790-9de1-4466-a5b1-26bd5ac519d6","parentUUID":"99ebe16b-8239-4c3c-b985-1ea763576663","isHook":true,"skipped":false},{"title":"\"after each\" hook for Product Overview Functionality","fullTitle":"\"after each\" hook for Product Overview Functionality","timedOut":false,"duration":1448,"state":"passed","speed":null,"pass":true,"fail":false,"pending":false,"context":"[{\"title\":\"Session Id\",\"value\":\"a56643e8-5eb7-46fa-925c-cac0cef22f90\"}]","code":"","err":{},"uuid":"90c92c50-47da-4c18-b882-9c094e85df26","parentUUID":"99ebe16b-8239-4c3c-b985-1ea763576663","isHook":true,"skipped":false},{"title":"\"after all\" hook in \"{root}\"","fullTitle":"\"after all\" hook in \"{root}\"","timedOut":false,"duration":1,"state":"passed","speed":null,"pass":true,"fail":false,"pending":false,"context":"[{\"title\":\"Session Id\",\"value\":\"a56643e8-5eb7-46fa-925c-cac0cef22f90\"}]","code":"","err":{},"uuid":"f055dd37-a427-4fce-bec2-7dd41d4438cb","parentUUID":"99ebe16b-8239-4c3c-b985-1ea763576663","isHook":true,"skipped":false}],"passes":["77c269c1-b68b-4b35-b30f-464830eea158","8c386fec-d59f-4d61-86fd-2035d38e437e","7e92a33a-df30-498c-8765-24ad9fa619ae","f3c84008-a4f5-499b-b321-d06bcb14545c","d1a9ec71-fb84-479d-b86b-ae31f7a5439d"],"failures":[],"pending":[],"skipped":[],"duration":39258}],"tests":[],"root":true,"_timeout":5000,"file":"","uuid":"d98ea60e-0ff4-42c2-bb82-3455a6ef9f45","fullFile":"","beforeHooks":[],"afterHooks":[],"passes":[],"failures":[],"pending":[],"skipped":[],"duration":0}],"meta":{"mocha":{"version":"11.1.0"},"mochawesome":{"options":{"quiet":false,"reportFilename":"test-report","saveHtml":true,"saveJson":true,"consoleReporter":"spec","useInlineDiffs":false,"code":false},"version":"7.1.3"},"marge":{"options":{"reportDir":"mochawesome-report","reportFilename":"test-report","reportTitle":"WebdriverIO Tests","charts":"true","overwrite":"true","timestamp":"true","code":"false","autoOpen":"true"},"version":"6.2.0"}}}