{"stats":{"suites":1,"tests":2,"passes":2,"pending":0,"failures":0,"start":"2025-08-13T20:56:02.694Z","end":"2025-08-13T20:56:45.388Z","duration":42694,"testsRegistered":2,"passPercent":100,"pendingPercent":0,"other":0,"hasOther":false,"skipped":0,"hasSkipped":false},"results":[{"title":"","suites":[{"title":"Scroll Functionality (emulator-5554.android.14.mda-2_2_0-25_apk)","suites":[],"tests":[{"title":"should be able to scroll to the bottom of the page","fullTitle":"Scroll Functionality.should be able to scroll to the bottom of the page","timedOut":false,"duration":28439,"state":"passed","speed":null,"pass":true,"fail":false,"pending":false,"context":"[{\"title\":\"Session Id\",\"value\":\"dfc8b730-3875-4189-b6b0-b3e901d67d87\"}]","code":"","err":{},"uuid":"a7e21e1e-41b5-4fb4-b7a4-4e1b8136ff6b","parentUUID":"20379c30-3741-4f8c-a3ec-8a78ff5e64c4","isHook":false,"skipped":false},{"title":"should be able to scroll to a specific element","fullTitle":"Scroll Functionality.should be able to scroll to a specific element","timedOut":false,"duration":13165,"state":"passed","speed":null,"pass":true,"fail":false,"pending":false,"context":"[{\"title\":\"Session Id\",\"value\":\"dfc8b730-3875-4189-b6b0-b3e901d67d87\"}]","code":"","err":{},"uuid":"c5d7419f-9b01-462e-9cc0-5e12f3bd1a63","parentUUID":"20379c30-3741-4f8c-a3ec-8a78ff5e64c4","isHook":false,"skipped":false}],"root":false,"_timeout":5000,"file":"/Users/gurveers/Sauce Labs Automation/https---github.com-gurveersarai-Sauce-Labs-Appium-Mobile-Automation-Framework/test/specs/scrollTest.js","uuid":"20379c30-3741-4f8c-a3ec-8a78ff5e64c4","fullFile":"/Users/gurveers/Sauce Labs Automation/https---github.com-gurveersarai-Sauce-Labs-Appium-Mobile-Automation-Framework/test/specs/scrollTest.js","beforeHooks":[{"title":"\"before each\" hook for Scroll Functionality","fullTitle":"\"before each\" hook for Scroll Functionality","timedOut":false,"duration":4472,"state":"passed","speed":null,"pass":true,"fail":false,"pending":false,"context":"[{\"title\":\"Session Id\",\"value\":\"dfc8b730-3875-4189-b6b0-b3e901d67d87\"}]","code":"","err":{},"uuid":"909af53c-5402-4210-8ef5-49f2cc74394f","parentUUID":"20379c30-3741-4f8c-a3ec-8a78ff5e64c4","isHook":true,"skipped":false},{"title":"\"before each\" hook for Scroll Functionality","fullTitle":"\"before each\" hook for Scroll Functionality","timedOut":false,"duration":624,"state":"passed","speed":null,"pass":true,"fail":false,"pending":false,"context":"[{\"title\":\"Session Id\",\"value\":\"dfc8b730-3875-4189-b6b0-b3e901d67d87\"}]","code":"","err":{},"uuid":"ba2f4065-3d9f-4070-aebb-e57e4ebcc0b4","parentUUID":"20379c30-3741-4f8c-a3ec-8a78ff5e64c4","isHook":true,"skipped":false}],"afterHooks":[{"title":"\"after all\" hook in \"{root}\"","fullTitle":"\"after all\" hook in \"{root}\"","timedOut":false,"duration":0,"state":"passed","speed":null,"pass":true,"fail":false,"pending":false,"context":"[{\"title\":\"Session Id\",\"value\":\"dfc8b730-3875-4189-b6b0-b3e901d67d87\"}]","code":"","err":{},"uuid":"a91a9c7c-cc56-49f8-a082-6e69464a7403","parentUUID":"20379c30-3741-4f8c-a3ec-8a78ff5e64c4","isHook":true,"skipped":false}],"passes":["a7e21e1e-41b5-4fb4-b7a4-4e1b8136ff6b","c5d7419f-9b01-462e-9cc0-5e12f3bd1a63"],"failures":[],"pending":[],"skipped":[],"duration":41607}],"tests":[],"root":true,"_timeout":5000,"file":"","uuid":"8da7c317-815e-4c8e-93fc-f2ef80e2286c","fullFile":"","beforeHooks":[],"afterHooks":[],"passes":[],"failures":[],"pending":[],"skipped":[],"duration":0}],"meta":{"mocha":{"version":"11.1.0"},"mochawesome":{"options":{"quiet":false,"reportFilename":"test-report","saveHtml":true,"saveJson":true,"consoleReporter":"spec","useInlineDiffs":false,"code":false},"version":"7.1.3"},"marge":{"options":{"reportDir":"mochawesome-report","reportFilename":"test-report","reportTitle":"WebdriverIO Tests","charts":"true","overwrite":"true","timestamp":"true","code":"false","autoOpen":"true"},"version":"6.2.0"}}}