{"stats":{"suites":1,"tests":4,"passes":4,"pending":0,"failures":0,"start":"2025-08-13T20:48:05.788Z","end":"2025-08-13T20:48:50.437Z","duration":44649,"testsRegistered":4,"passPercent":100,"pendingPercent":0,"other":0,"hasOther":false,"skipped":0,"hasSkipped":false},"results":[{"title":"","suites":[{"title":"Filter Functionality (emulator-5554.android.14.mda-2_2_0-25_apk)","suites":[],"tests":[{"title":"should be able to open the products filter and can see a tick by the selected filter","fullTitle":"Filter Functionality.should be able to open the products filter and can see a tick by the selected filter","timedOut":false,"duration":5942,"state":"passed","speed":null,"pass":true,"fail":false,"pending":false,"context":"[{\"title\":\"Session Id\",\"value\":\"5ef45be2-3ecc-417a-a104-a0701f29217f\"}]","code":"","err":{},"uuid":"62b8f21b-eb71-4ef4-aad6-c0ae606b4351","parentUUID":"818e8f3b-9aaa-4d1c-85c4-70afe6a18ac7","isHook":false,"skipped":false},{"title":"should be able to filter products by ascending price","fullTitle":"Filter Functionality.should be able to filter products by ascending price","timedOut":false,"duration":10305,"state":"passed","speed":null,"pass":true,"fail":false,"pending":false,"context":"[{\"title\":\"Session Id\",\"value\":\"5ef45be2-3ecc-417a-a104-a0701f29217f\"}]","code":"","err":{},"uuid":"e0b0699e-b498-4290-a965-8c152e766b84","parentUUID":"818e8f3b-9aaa-4d1c-85c4-70afe6a18ac7","isHook":false,"skipped":false},{"title":"should be able to filter products by descending price","fullTitle":"Filter Functionality.should be able to filter products by descending price","timedOut":false,"duration":10611,"state":"passed","speed":null,"pass":true,"fail":false,"pending":false,"context":"[{\"title\":\"Session Id\",\"value\":\"5ef45be2-3ecc-417a-a104-a0701f29217f\"}]","code":"","err":{},"uuid":"a39d3504-8dd8-4adc-a152-94ba2dee2975","parentUUID":"818e8f3b-9aaa-4d1c-85c4-70afe6a18ac7","isHook":false,"skipped":false},{"title":"should be able to filter products by descending name","fullTitle":"Filter Functionality.should be able to filter products by descending name","timedOut":false,"duration":10646,"state":"passed","speed":null,"pass":true,"fail":false,"pending":false,"context":"[{\"title\":\"Session Id\",\"value\":\"5ef45be2-3ecc-417a-a104-a0701f29217f\"}]","code":"","err":{},"uuid":"7e3366f7-c5ac-47c0-bebf-c222dab9fc83","parentUUID":"818e8f3b-9aaa-4d1c-85c4-70afe6a18ac7","isHook":false,"skipped":false}],"root":false,"_timeout":5000,"file":"/Users/gurveers/Sauce Labs Automation/https---github.com-gurveersarai-Sauce-Labs-Appium-Mobile-Automation-Framework/test/specs/filterTest.js","uuid":"818e8f3b-9aaa-4d1c-85c4-70afe6a18ac7","fullFile":"/Users/gurveers/Sauce Labs Automation/https---github.com-gurveersarai-Sauce-Labs-Appium-Mobile-Automation-Framework/test/specs/filterTest.js","beforeHooks":[{"title":"\"before each\" hook for Filter Functionality","fullTitle":"\"before each\" hook for Filter Functionality","timedOut":false,"duration":4054,"state":"passed","speed":null,"pass":true,"fail":false,"pending":false,"context":"[{\"title\":\"Session Id\",\"value\":\"5ef45be2-3ecc-417a-a104-a0701f29217f\"}]","code":"","err":{},"uuid":"db3e7431-8095-4819-a6a2-cb1af5a490a7","parentUUID":"818e8f3b-9aaa-4d1c-85c4-70afe6a18ac7","isHook":true,"skipped":false},{"title":"\"before each\" hook for Filter Functionality","fullTitle":"\"before each\" hook for Filter Functionality","timedOut":false,"duration":5636,"state":"passed","speed":null,"pass":true,"fail":false,"pending":false,"context":"[{\"title\":\"Session Id\",\"value\":\"5ef45be2-3ecc-417a-a104-a0701f29217f\"}]","code":"","err":{},"uuid":"e3b07a7d-ae78-4ae4-81b7-3c071c75d572","parentUUID":"818e8f3b-9aaa-4d1c-85c4-70afe6a18ac7","isHook":true,"skipped":false},{"title":"\"before each\" hook for Filter Functionality","fullTitle":"\"before each\" hook for Filter Functionality","timedOut":false,"duration":5938,"state":"passed","speed":null,"pass":true,"fail":false,"pending":false,"context":"[{\"title\":\"Session Id\",\"value\":\"5ef45be2-3ecc-417a-a104-a0701f29217f\"}]","code":"","err":{},"uuid":"c052233e-ad00-4e31-8887-a5d85f5ad947","parentUUID":"818e8f3b-9aaa-4d1c-85c4-70afe6a18ac7","isHook":true,"skipped":false},{"title":"\"before each\" hook for Filter Functionality","fullTitle":"\"before each\" hook for Filter Functionality","timedOut":false,"duration":6094,"state":"passed","speed":null,"pass":true,"fail":false,"pending":false,"context":"[{\"title\":\"Session Id\",\"value\":\"5ef45be2-3ecc-417a-a104-a0701f29217f\"}]","code":"","err":{},"uuid":"603301f6-5758-479c-a1cf-c4029594dd93","parentUUID":"818e8f3b-9aaa-4d1c-85c4-70afe6a18ac7","isHook":true,"skipped":false}],"afterHooks":[{"title":"\"after each\" hook for Filter Functionality","fullTitle":"\"after each\" hook for Filter Functionality","timedOut":false,"duration":1742,"state":"passed","speed":null,"pass":true,"fail":false,"pending":false,"context":"[{\"title\":\"Session Id\",\"value\":\"5ef45be2-3ecc-417a-a104-a0701f29217f\"}]","code":"","err":{},"uuid":"c0c6bfe1-40d9-4cdd-b46f-cf9b6ffcc374","parentUUID":"818e8f3b-9aaa-4d1c-85c4-70afe6a18ac7","isHook":true,"skipped":false},{"title":"\"after each\" hook for Filter Functionality","fullTitle":"\"after each\" hook for Filter Functionality","timedOut":false,"duration":1388,"state":"passed","speed":null,"pass":true,"fail":false,"pending":false,"context":"[{\"title\":\"Session Id\",\"value\":\"5ef45be2-3ecc-417a-a104-a0701f29217f\"}]","code":"","err":{},"uuid":"67837024-59ea-48a7-b4ba-8422197e21d8","parentUUID":"818e8f3b-9aaa-4d1c-85c4-70afe6a18ac7","isHook":true,"skipped":false},{"title":"\"after each\" hook for Filter Functionality","fullTitle":"\"after each\" hook for Filter Functionality","timedOut":false,"duration":1569,"state":"passed","speed":null,"pass":true,"fail":false,"pending":false,"context":"[{\"title\":\"Session Id\",\"value\":\"5ef45be2-3ecc-417a-a104-a0701f29217f\"}]","code":"","err":{},"uuid":"af9dcb86-cfe8-4525-a99b-d0451e0087d1","parentUUID":"818e8f3b-9aaa-4d1c-85c4-70afe6a18ac7","isHook":true,"skipped":false},{"title":"\"after each\" hook for Filter Functionality","fullTitle":"\"after each\" hook for Filter Functionality","timedOut":false,"duration":1562,"state":"passed","speed":null,"pass":true,"fail":false,"pending":false,"context":"[{\"title\":\"Session Id\",\"value\":\"5ef45be2-3ecc-417a-a104-a0701f29217f\"}]","code":"","err":{},"uuid":"76853994-faf9-42a1-9fb3-c9dc5d3512ec","parentUUID":"818e8f3b-9aaa-4d1c-85c4-70afe6a18ac7","isHook":true,"skipped":false},{"title":"\"after all\" hook in \"{root}\"","fullTitle":"\"after all\" hook in \"{root}\"","timedOut":false,"duration":0,"state":"passed","speed":null,"pass":true,"fail":false,"pending":false,"context":"[{\"title\":\"Session Id\",\"value\":\"5ef45be2-3ecc-417a-a104-a0701f29217f\"}]","code":"","err":{},"uuid":"e755e829-c7b5-4691-b155-895ba2fbeada","parentUUID":"818e8f3b-9aaa-4d1c-85c4-70afe6a18ac7","isHook":true,"skipped":false}],"passes":["62b8f21b-eb71-4ef4-aad6-c0ae606b4351","e0b0699e-b498-4290-a965-8c152e766b84","a39d3504-8dd8-4adc-a152-94ba2dee2975","7e3366f7-c5ac-47c0-bebf-c222dab9fc83"],"failures":[],"pending":[],"skipped":[],"duration":43768}],"tests":[],"root":true,"_timeout":5000,"file":"","uuid":"a24877c4-8fb2-478d-8684-7dfcc58aa243","fullFile":"","beforeHooks":[],"afterHooks":[],"passes":[],"failures":[],"pending":[],"skipped":[],"duration":0}],"meta":{"mocha":{"version":"11.1.0"},"mochawesome":{"options":{"quiet":false,"reportFilename":"test-report","saveHtml":true,"saveJson":true,"consoleReporter":"spec","useInlineDiffs":false,"code":false},"version":"7.1.3"},"marge":{"options":{"reportDir":"mochawesome-report","reportFilename":"test-report","reportTitle":"WebdriverIO Tests","charts":"true","overwrite":"true","timestamp":"true","code":"false","autoOpen":"true"},"version":"6.2.0"}}}