{"stats":{"suites":1,"tests":4,"passes":4,"pending":0,"failures":0,"start":"2025-08-13T20:49:07.292Z","end":"2025-08-13T20:50:02.511Z","duration":55219,"testsRegistered":4,"passPercent":100,"pendingPercent":0,"other":0,"hasOther":false,"skipped":0,"hasSkipped":false},"results":[{"title":"","suites":[{"title":"Login Functionality (emulator-5554.android.14.mda-2_2_0-25_apk)","suites":[],"tests":[{"title":"should login with valid credentials","fullTitle":"Login Functionality.should login with valid credentials","timedOut":false,"duration":10263,"state":"passed","speed":null,"pass":true,"fail":false,"pending":false,"context":"[{\"title\":\"Session Id\",\"value\":\"6d45b24a-cec8-49c2-8830-482e9df5f400\"}]","code":"","err":{},"uuid":"8ea577a5-8f00-4b0a-910a-5eb4e872b9be","parentUUID":"b3aee0e7-7024-4595-ae27-cf71966c751d","isHook":false,"skipped":false},{"title":"should not be able to login without username","fullTitle":"Login Functionality.should not be able to login without username","timedOut":false,"duration":11895,"state":"passed","speed":null,"pass":true,"fail":false,"pending":false,"context":"[{\"title\":\"Session Id\",\"value\":\"6d45b24a-cec8-49c2-8830-482e9df5f400\"}]","code":"","err":{},"uuid":"6c2ef0ba-ba9b-4cb7-a3fa-f86ff2a6c998","parentUUID":"b3aee0e7-7024-4595-ae27-cf71966c751d","isHook":false,"skipped":false},{"title":"should not be able to login without password","fullTitle":"Login Functionality.should not be able to login without password","timedOut":false,"duration":12812,"state":"passed","speed":null,"pass":true,"fail":false,"pending":false,"context":"[{\"title\":\"Session Id\",\"value\":\"6d45b24a-cec8-49c2-8830-482e9df5f400\"}]","code":"","err":{},"uuid":"b41cb441-6367-4aff-be3f-38fa1e032157","parentUUID":"b3aee0e7-7024-4595-ae27-cf71966c751d","isHook":false,"skipped":false},{"title":"should not be able to login with a locked account","fullTitle":"Login Functionality.should not be able to login with a locked account","timedOut":false,"duration":12067,"state":"passed","speed":null,"pass":true,"fail":false,"pending":false,"context":"[{\"title\":\"Session Id\",\"value\":\"6d45b24a-cec8-49c2-8830-482e9df5f400\"}]","code":"","err":{},"uuid":"d23f69e8-3769-46ff-9431-0cfc06a2b042","parentUUID":"b3aee0e7-7024-4595-ae27-cf71966c751d","isHook":false,"skipped":false}],"root":false,"_timeout":5000,"file":"/Users/gurveers/Sauce Labs Automation/https---github.com-gurveersarai-Sauce-Labs-Appium-Mobile-Automation-Framework/test/specs/loginTest.js","uuid":"b3aee0e7-7024-4595-ae27-cf71966c751d","fullFile":"/Users/gurveers/Sauce Labs Automation/https---github.com-gurveersarai-Sauce-Labs-Appium-Mobile-Automation-Framework/test/specs/loginTest.js","beforeHooks":[{"title":"\"before each\" hook for Login Functionality","fullTitle":"\"before each\" hook for Login Functionality","timedOut":false,"duration":7741,"state":"passed","speed":null,"pass":true,"fail":false,"pending":false,"context":"[{\"title\":\"Session Id\",\"value\":\"6d45b24a-cec8-49c2-8830-482e9df5f400\"}]","code":"","err":{},"uuid":"b49434cd-bfd2-4d85-8141-9ca33d31050e","parentUUID":"b3aee0e7-7024-4595-ae27-cf71966c751d","isHook":true,"skipped":false},{"title":"\"before each\" hook for Login Functionality","fullTitle":"\"before each\" hook for Login Functionality","timedOut":false,"duration":8737,"state":"passed","speed":null,"pass":true,"fail":false,"pending":false,"context":"[{\"title\":\"Session Id\",\"value\":\"6d45b24a-cec8-49c2-8830-482e9df5f400\"}]","code":"","err":{},"uuid":"0e4e5bb1-340e-4836-80d1-741a02ee1e0f","parentUUID":"b3aee0e7-7024-4595-ae27-cf71966c751d","isHook":true,"skipped":false},{"title":"\"before each\" hook for Login Functionality","fullTitle":"\"before each\" hook for Login Functionality","timedOut":false,"duration":9673,"state":"passed","speed":null,"pass":true,"fail":false,"pending":false,"context":"[{\"title\":\"Session Id\",\"value\":\"6d45b24a-cec8-49c2-8830-482e9df5f400\"}]","code":"","err":{},"uuid":"a4d54c21-868d-4d04-b662-542a9f4247a4","parentUUID":"b3aee0e7-7024-4595-ae27-cf71966c751d","isHook":true,"skipped":false},{"title":"\"before each\" hook for Login Functionality","fullTitle":"\"before each\" hook for Login Functionality","timedOut":false,"duration":8963,"state":"passed","speed":null,"pass":true,"fail":false,"pending":false,"context":"[{\"title\":\"Session Id\",\"value\":\"6d45b24a-cec8-49c2-8830-482e9df5f400\"}]","code":"","err":{},"uuid":"7d190a56-084b-453d-bae1-d81bc3242d21","parentUUID":"b3aee0e7-7024-4595-ae27-cf71966c751d","isHook":true,"skipped":false}],"afterHooks":[{"title":"\"after each\" hook for Login Functionality","fullTitle":"\"after each\" hook for Login Functionality","timedOut":false,"duration":1883,"state":"passed","speed":null,"pass":true,"fail":false,"pending":false,"context":"[{\"title\":\"Session Id\",\"value\":\"6d45b24a-cec8-49c2-8830-482e9df5f400\"}]","code":"","err":{},"uuid":"2a263fc5-f730-48f7-b78b-b808018ac931","parentUUID":"b3aee0e7-7024-4595-ae27-cf71966c751d","isHook":true,"skipped":false},{"title":"\"after each\" hook for Login Functionality","fullTitle":"\"after each\" hook for Login Functionality","timedOut":false,"duration":1535,"state":"passed","speed":null,"pass":true,"fail":false,"pending":false,"context":"[{\"title\":\"Session Id\",\"value\":\"6d45b24a-cec8-49c2-8830-482e9df5f400\"}]","code":"","err":{},"uuid":"9f6cb996-286b-4510-95ad-425411efc093","parentUUID":"b3aee0e7-7024-4595-ae27-cf71966c751d","isHook":true,"skipped":false},{"title":"\"after each\" hook for Login Functionality","fullTitle":"\"after each\" hook for Login Functionality","timedOut":false,"duration":1683,"state":"passed","speed":null,"pass":true,"fail":false,"pending":false,"context":"[{\"title\":\"Session Id\",\"value\":\"6d45b24a-cec8-49c2-8830-482e9df5f400\"}]","code":"","err":{},"uuid":"bf974ca5-0c49-4a65-bf77-7dfd59c720ee","parentUUID":"b3aee0e7-7024-4595-ae27-cf71966c751d","isHook":true,"skipped":false},{"title":"\"after each\" hook for Login Functionality","fullTitle":"\"after each\" hook for Login Functionality","timedOut":false,"duration":1574,"state":"passed","speed":null,"pass":true,"fail":false,"pending":false,"context":"[{\"title\":\"Session Id\",\"value\":\"6d45b24a-cec8-49c2-8830-482e9df5f400\"}]","code":"","err":{},"uuid":"4cd83edd-05c1-47a5-acfa-be040be08767","parentUUID":"b3aee0e7-7024-4595-ae27-cf71966c751d","isHook":true,"skipped":false},{"title":"\"after all\" hook in \"{root}\"","fullTitle":"\"after all\" hook in \"{root}\"","timedOut":false,"duration":1,"state":"passed","speed":null,"pass":true,"fail":false,"pending":false,"context":"[{\"title\":\"Session Id\",\"value\":\"6d45b24a-cec8-49c2-8830-482e9df5f400\"}]","code":"","err":{},"uuid":"4e7eb4b5-b6ce-405c-841d-519b835e84b8","parentUUID":"b3aee0e7-7024-4595-ae27-cf71966c751d","isHook":true,"skipped":false}],"passes":["8ea577a5-8f00-4b0a-910a-5eb4e872b9be","6c2ef0ba-ba9b-4cb7-a3fa-f86ff2a6c998","b41cb441-6367-4aff-be3f-38fa1e032157","d23f69e8-3769-46ff-9431-0cfc06a2b042"],"failures":[],"pending":[],"skipped":[],"duration":53716}],"tests":[],"root":true,"_timeout":5000,"file":"","uuid":"c0571f2c-8b16-41dc-85a8-3f7c8b4744ac","fullFile":"","beforeHooks":[],"afterHooks":[],"passes":[],"failures":[],"pending":[],"skipped":[],"duration":0}],"meta":{"mocha":{"version":"11.1.0"},"mochawesome":{"options":{"quiet":false,"reportFilename":"test-report","saveHtml":true,"saveJson":true,"consoleReporter":"spec","useInlineDiffs":false,"code":false},"version":"7.1.3"},"marge":{"options":{"reportDir":"mochawesome-report","reportFilename":"test-report","reportTitle":"WebdriverIO Tests","charts":"true","overwrite":"true","timestamp":"true","code":"false","autoOpen":"true"},"version":"6.2.0"}}}