{"stats":{"suites":1,"tests":1,"passes":1,"pending":0,"failures":0,"start":"2025-08-13T20:50:20.389Z","end":"2025-08-13T20:50:39.537Z","duration":19148,"testsRegistered":1,"passPercent":100,"pendingPercent":0,"other":0,"hasOther":false,"skipped":0,"hasSkipped":false},"results":[{"title":"","suites":[{"title":"Logout Functionality (emulator-5554.android.14.mda-2_2_0-25_apk)","suites":[],"tests":[{"title":"should logout successfully","fullTitle":"Logout Functionality.should logout successfully","timedOut":false,"duration":8280,"state":"passed","speed":null,"pass":true,"fail":false,"pending":false,"context":"[{\"title\":\"Session Id\",\"value\":\"02e1765d-3b50-44c8-a912-4eea0a51c838\"}]","code":"","err":{},"uuid":"e9e8e19a-41e0-4da0-8196-10d9b70cda3b","parentUUID":"9ce70278-981c-46fc-9c91-e4f3e474ae11","isHook":false,"skipped":false}],"root":false,"_timeout":5000,"file":"/Users/gurveers/Sauce Labs Automation/https---github.com-gurveersarai-Sauce-Labs-Appium-Mobile-Automation-Framework/test/specs/logoutTest.js","uuid":"9ce70278-981c-46fc-9c91-e4f3e474ae11","fullFile":"/Users/gurveers/Sauce Labs Automation/https---github.com-gurveersarai-Sauce-Labs-Appium-Mobile-Automation-Framework/test/specs/logoutTest.js","beforeHooks":[{"title":"\"before all\" hook for Logout Functionality","fullTitle":"\"before all\" hook for Logout Functionality","timedOut":false,"duration":9542,"state":"passed","speed":null,"pass":true,"fail":false,"pending":false,"context":"[{\"title\":\"Session Id\",\"value\":\"02e1765d-3b50-44c8-a912-4eea0a51c838\"}]","code":"","err":{},"uuid":"75c4755b-ea85-4a3b-b469-0e5467612f57","parentUUID":"9ce70278-981c-46fc-9c91-e4f3e474ae11","isHook":true,"skipped":false}],"afterHooks":[{"title":"\"after all\" hook in \"{root}\"","fullTitle":"\"after all\" hook in \"{root}\"","timedOut":false,"duration":0,"state":"passed","speed":null,"pass":true,"fail":false,"pending":false,"context":"[{\"title\":\"Session Id\",\"value\":\"02e1765d-3b50-44c8-a912-4eea0a51c838\"}]","code":"","err":{},"uuid":"400f7efe-69f9-4f73-aba2-7baa52582a52","parentUUID":"9ce70278-981c-46fc-9c91-e4f3e474ae11","isHook":true,"skipped":false}],"passes":["e9e8e19a-41e0-4da0-8196-10d9b70cda3b"],"failures":[],"pending":[],"skipped":[],"duration":17825}],"tests":[],"root":true,"_timeout":5000,"file":"","uuid":"2331fb59-0a95-4108-ab7a-cb36d40cbabf","fullFile":"","beforeHooks":[],"afterHooks":[],"passes":[],"failures":[],"pending":[],"skipped":[],"duration":0}],"meta":{"mocha":{"version":"11.1.0"},"mochawesome":{"options":{"quiet":false,"reportFilename":"test-report","saveHtml":true,"saveJson":true,"consoleReporter":"spec","useInlineDiffs":false,"code":false},"version":"7.1.3"},"marge":{"options":{"reportDir":"mochawesome-report","reportFilename":"test-report","reportTitle":"WebdriverIO Tests","charts":"true","overwrite":"true","timestamp":"true","code":"false","autoOpen":"true"},"version":"6.2.0"}}}